<?xml version="1.0" encoding="UTF-8"?>
<testng-results skipped="0" failed="0" ignored="0" total="4" passed="4">
  <reporter-output>
  </reporter-output>
  <suite name="Default suite" duration-ms="65" started-at="2018-07-27T08:31:53Z" finished-at="2018-07-27T08:31:53Z">
    <groups>
    </groups>
    <test name="Default test" duration-ms="65" started-at="2018-07-27T08:31:53Z" finished-at="2018-07-27T08:31:53Z">
      <class name="com.test1.NewTest1">
        <test-method status="PASS" signature="f()[pri:1, instance:com.test1.NewTest1@4c70fda8]" name="f" duration-ms="10" started-at="2018-07-27T08:31:53Z" finished-at="2018-07-27T08:31:53Z">
          <reporter-output>
          </reporter-output>
        </test-method> <!-- f -->
        <test-method status="PASS" signature="abc()[pri:2, instance:com.test1.NewTest1@4c70fda8]" name="abc" duration-ms="2" started-at="2018-07-27T08:31:53Z" finished-at="2018-07-27T08:31:53Z">
          <reporter-output>
          </reporter-output>
        </test-method> <!-- abc -->
        <test-method status="PASS" signature="xyz()[pri:2, instance:com.test1.NewTest1@4c70fda8]" name="xyz" duration-ms="2" started-at="2018-07-27T08:31:53Z" finished-at="2018-07-27T08:31:53Z">
          <reporter-output>
          </reporter-output>
        </test-method> <!-- xyz -->
        <test-method status="PASS" signature="xyztest()[pri:4, instance:com.test1.NewTest1@4c70fda8]" name="xyztest" duration-ms="1" started-at="2018-07-27T08:31:53Z" finished-at="2018-07-27T08:31:53Z">
          <reporter-output>
          </reporter-output>
        </test-method> <!-- xyztest -->
      </class> <!-- com.test1.NewTest1 -->
    </test> <!-- Default test -->
  </suite> <!-- Default suite -->
</testng-results>
